<?xml version="1.0" encoding="UTF-8" ?>
<testsuite tests="1" failures="0" name="Runner.TestRunner" time="0.491" errors="1" skipped="0">
  <properties>
[...]
</properties>
  <testcase classname="User validations for Amazon Product page" name="User verifies that the About section exists in the product page" time="0.491">
    <error message="The step &apos;user navigates to Amazon homepage&apos; and 9 other step(s) are undefined.
You can implement these steps using the snippet(s) below:

@When(&quot;user navigates to Amazon homepage&quot;)
public void user_navigates_to_amazon_homepage() {
    // Write code here that turns the phrase above into concrete actions
    throw new io.cucumber.java.PendingException();
}
@Then(&quot;user clicks on the hamburger menu&quot;)
public void user_clicks_on_the_hamburger_menu() {
    // Write code here that turns the phrase above into concrete actions
    throw new io.cucumber.java.PendingException();
}
@Then(&quot;user clicks on the {string} menu item&quot;)
public void user_clicks_on_the_menu_item(String string) {
    // Write code here that turns the phrase above into concrete actions
    throw new io.cucumber.java.PendingException();
}
@Then(&quot;user clicks on {string} under the {string} submenu&quot;)
public void user_clicks_on_under_the_submenu(String string, String string2) {
    // Write code here that turns the phrase above into concrete actions
    throw new io.cucumber.java.PendingException();
}
@Then(&quot;user scrolls to the {string} section&quot;)
public void user_scrolls_to_the_section(String string) {
    // Write code here that turns the phrase above into concrete actions
    throw new io.cucumber.java.PendingException();
}
@Then(&quot;user checks the {string} checkbox&quot;)
public void user_checks_the_checkbox(String string) {
    // Write code here that turns the phrase above into concrete actions
    throw new io.cucumber.java.PendingException();
}
@Then(&quot;user sorts the results with price High to Low.&quot;)
public void user_sorts_the_results_with_price_high_to_low() {
    // Write code here that turns the phrase above into concrete actions
    throw new io.cucumber.java.PendingException();
}
@Then(&quot;user clicks on the 2nd item on the results&quot;)
public void user_clicks_on_the_2nd_item_on_the_results() {
    // Write code here that turns the phrase above into concrete actions
    throw new io.cucumber.java.PendingException();
}
@Then(&quot;user switches to the product tab&quot;)
public void user_switches_to_the_product_tab() {
    // Write code here that turns the phrase above into concrete actions
    throw new io.cucumber.java.PendingException();
}
@Then(&quot;user should see {string} section in the page&quot;)
public void user_should_see_section_in_the_page(String string) {
    // Write code here that turns the phrase above into concrete actions
    throw new io.cucumber.java.PendingException();
}
" type="io.cucumber.junit.UndefinedStepException">io.cucumber.junit.UndefinedStepException: The step &apos;user navigates to Amazon homepage&apos; and 9 other step(s) are undefined.
You can implement these steps using the snippet(s) below:

@When(&quot;user navigates to Amazon homepage&quot;)
public void user_navigates_to_amazon_homepage() {
    // Write code here that turns the phrase above into concrete actions
    throw new io.cucumber.java.PendingException();
}
@Then(&quot;user clicks on the hamburger menu&quot;)
public void user_clicks_on_the_hamburger_menu() {
    // Write code here that turns the phrase above into concrete actions
    throw new io.cucumber.java.PendingException();
}
@Then(&quot;user clicks on the {string} menu item&quot;)
public void user_clicks_on_the_menu_item(String string) {
    // Write code here that turns the phrase above into concrete actions
    throw new io.cucumber.java.PendingException();
}
@Then(&quot;user clicks on {string} under the {string} submenu&quot;)
public void user_clicks_on_under_the_submenu(String string, String string2) {
    // Write code here that turns the phrase above into concrete actions
    throw new io.cucumber.java.PendingException();
}
@Then(&quot;user scrolls to the {string} section&quot;)
public void user_scrolls_to_the_section(String string) {
    // Write code here that turns the phrase above into concrete actions
    throw new io.cucumber.java.PendingException();
}
@Then(&quot;user checks the {string} checkbox&quot;)
public void user_checks_the_checkbox(String string) {
    // Write code here that turns the phrase above into concrete actions
    throw new io.cucumber.java.PendingException();
}
@Then(&quot;user sorts the results with price High to Low.&quot;)
public void user_sorts_the_results_with_price_high_to_low() {
    // Write code here that turns the phrase above into concrete actions
    throw new io.cucumber.java.PendingException();
}
@Then(&quot;user clicks on the 2nd item on the results&quot;)
public void user_clicks_on_the_2nd_item_on_the_results() {
    // Write code here that turns the phrase above into concrete actions
    throw new io.cucumber.java.PendingException();
}
@Then(&quot;user switches to the product tab&quot;)
public void user_switches_to_the_product_tab() {
    // Write code here that turns the phrase above into concrete actions
    throw new io.cucumber.java.PendingException();
}
@Then(&quot;user should see {string} section in the page&quot;)
public void user_should_see_section_in_the_page(String string) {
    // Write code here that turns the phrase above into concrete actions
    throw new io.cucumber.java.PendingException();
}

</error>
    <system-out>
Scenario: User verifies that the About section exists in the product page  # src/test/resources/features/page.feature:4
  When user navigates to Amazon homepage
  Then user clicks on the hamburger menu
  And user clicks on the &apos;TV, Appliances and Electronics&apos; menu item
  And user clicks on &apos;Televisions&apos; under the &apos;Tv, Audio &amp; Cameras&apos; submenu
  And user scrolls to the &apos;Brands&apos; section
  And user checks the &apos;Samsung&apos; checkbox
  And user sorts the results with price High to Low.
  And user clicks on the 2nd item on the results
  And user switches to the product tab
  And user should see &apos;About this item&apos; section in the page
</system-out>
  </testcase>
</testsuite>